[0m[[0m[0mdebug[0m] [0m[0m> Exec(testOnly SC.Jalr_Tester -- -DwriteVcd=1, Some(48466f4f-3d82-4f8b-9814-4ced194a3868), Some(CommandSource(console0)))[0m
[0m[[0m[0mdebug[0m] [0m[0mEvaluating tasks: Test / testOnly[0m
[0m[[0m[0mdebug[0m] [0m[0mRunning task... Cancel: Signal, check cycles: false, forcegc: true[0m
[0m[[0m[0minfo[0m] [0m[0mcompiling 1 Scala source to /home/omer/Single Cycle/target/scala-2.12/classes ...[0m
[0m[[0m[0minfo[0m] [0m[0m[32mJalr_Tester:[0m[0m
[0m[[0m[0minfo[0m] [0m[0m[31m- Jalr_Address *** FAILED ***[0m[0m
[0m[[0m[0minfo[0m] [0m[0m[31m  firrtl.transforms.CheckCombLoops$CombLoopException: : [module Jalr] Combinational loop detected:[0m[0m
[0m[[0m[0minfo[0m] [0m[0m[31mJalr.io_imm[0m[0m
[0m[[0m[0minfo[0m] [0m[0m[31mJalr._targetAddress_T	 @[Jalr.scala 14:30][0m[0m
[0m[[0m[0minfo[0m] [0m[0m[31mJalr.targetAddress	 @[Jalr.scala 14:30][0m[0m
[0m[[0m[0minfo[0m] [0m[0m[31mJalr._io_imm_T	 @[Jalr.scala 17:26][0m[0m
[0m[[0m[0minfo[0m] [0m[0m[31mJalr.io_imm	 @[Jalr.scala 17:10][0m[0m
[0m[[0m[0minfo[0m] [0m[0m[31m  ...[0m[0m
[0m[[0m[0minfo[0m] [0m[0m[36mRun completed in 587 milliseconds.[0m[0m
[0m[[0m[0minfo[0m] [0m[0m[36mTotal number of tests run: 1[0m[0m
[0m[[0m[0minfo[0m] [0m[0m[36mSuites: completed 1, aborted 0[0m[0m
[0m[[0m[0minfo[0m] [0m[0m[36mTests: succeeded 0, failed 1, canceled 0, ignored 0, pending 0[0m[0m
[0m[[0m[0minfo[0m] [0m[0m[31m*** 1 TEST FAILED ***[0m[0m
[0m[[0m[31merror[0m] [0m[0mFailed tests:[0m
[0m[[0m[31merror[0m] [0m[0m	SC.Jalr_Tester[0m
[0m[[0m[31merror[0m] [0m[0m(Test / [31mtestOnly[0m) sbt.TestsFailedException: Tests unsuccessful[0m
[0m[[0m[31merror[0m] [0m[0mTotal time: 1 s, completed Jan 5, 2024, 4:25:35 PM[0m
[0m[[0m[0mdebug[0m] [0m[0m> Exec(shell, None, None)[0m
[0m[[0m[0mdebug[0m] [0m[0mForcing garbage collection...[0m
[0m[[0m[0minfo[0m] [0m[0mshutting down sbt server[0m
