[0m[[0m[0mdebug[0m] [0m[0m> Exec(testOnly SC.TopTest -- -DwriteVcd=1, Some(952ee756-dd0c-4492-80fc-2f7c69b786a8), Some(CommandSource(console0)))[0m
[0m[[0m[0mdebug[0m] [0m[0mEvaluating tasks: Test / testOnly[0m
[0m[[0m[0mdebug[0m] [0m[0mRunning task... Cancel: Signal, check cycles: false, forcegc: true[0m
[0m[[0m[0minfo[0m] [0m[0mcompiling 1 Scala source to /home/omer/Single Cycle/target/scala-2.12/classes ...[0m
[0m[[0m[0minfo[0m] [0m[0m[32mTopTest:[0m[0m
[0m[[0m[0minfo[0m] [0m[0m[31m- Top *** FAILED ***[0m[0m
[0m[[0m[0minfo[0m] [0m[0m[31m  firrtl.passes.CheckInitialization$RefNotInitializedException: : [module IF_ID]  Reference io is not fully initialized.[0m[0m
[0m[[0m[0minfo[0m] [0m[0m[31m   : io.out <= VOID[0m[0m
[0m[[0m[0minfo[0m] [0m[0m[31m  ...[0m[0m
[0m[[0m[0minfo[0m] [0m[0m[36mRun completed in 767 milliseconds.[0m[0m
[0m[[0m[0minfo[0m] [0m[0m[36mTotal number of tests run: 1[0m[0m
[0m[[0m[0minfo[0m] [0m[0m[36mSuites: completed 1, aborted 0[0m[0m
[0m[[0m[0minfo[0m] [0m[0m[36mTests: succeeded 0, failed 1, canceled 0, ignored 0, pending 0[0m[0m
[0m[[0m[0minfo[0m] [0m[0m[31m*** 1 TEST FAILED ***[0m[0m
[0m[[0m[31merror[0m] [0m[0mFailed tests:[0m
[0m[[0m[31merror[0m] [0m[0m	SC.TopTest[0m
[0m[[0m[0mdebug[0m] [0m[0mForcing garbage collection...[0m
[0m[[0m[31merror[0m] [0m[0m(Test / [31mtestOnly[0m) sbt.TestsFailedException: Tests unsuccessful[0m
[0m[[0m[31merror[0m] [0m[0mTotal time: 2 s, completed Aug 8, 2024, 11:11:43 AM[0m
[0m[[0m[0mdebug[0m] [0m[0m> Exec(shell, None, None)[0m
[0m[[0m[0mdebug[0m] [0m[0mForcing garbage collection...[0m
[0m[[0m[0minfo[0m] [0m[0mshutting down sbt server[0m
