[0m[[0m[0mdebug[0m] [0m[0m> Exec(testOnly SC.Instruction_Memory_Tester -- -DwriteVcd=1, Some(b33dcb14-26fa-4285-9901-3f796d6f8ee2), Some(CommandSource(console0)))[0m
[0m[[0m[0mdebug[0m] [0m[0mEvaluating tasks: Test / testOnly[0m
[0m[[0m[0mdebug[0m] [0m[0mRunning task... Cancel: Signal, check cycles: false, forcegc: true[0m
[0m[[0m[0minfo[0m] [0m[0mcompiling 1 Scala source to /home/omer/Single Cycle/target/scala-2.12/classes ...[0m
[0m[[0m[31merror[0m] [0m[0m/home/omer/Single Cycle/src/main/scala/SC/Instruction-Memory.scala:17:22: type mismatch;[0m
[0m[[0m[31merror[0m] [0m[0m found   : String[0m
[0m[[0m[31merror[0m] [0m[0m required: chisel3.MemBase[?][0m
[0m[[0m[31merror[0m] [0m[0mError occurred in an application involving default arguments.[0m
[0m[[0m[31merror[0m] [0m[0m  loadMemoryFromFile(initFile,mem)[0m
[0m[[0m[31merror[0m] [0m[0m                     ^[0m
[0m[[0m[31merror[0m] [0m[0m/home/omer/Single Cycle/src/main/scala/SC/Instruction-Memory.scala:17:31: type mismatch;[0m
[0m[[0m[31merror[0m] [0m[0m found   : chisel3.Mem[chisel3.UInt][0m
[0m[[0m[31merror[0m] [0m[0m required: String[0m
[0m[[0m[31merror[0m] [0m[0mError occurred in an application involving default arguments.[0m
[0m[[0m[31merror[0m] [0m[0m  loadMemoryFromFile(initFile,mem)[0m
[0m[[0m[31merror[0m] [0m[0m                              ^[0m
[0m[[0m[31merror[0m] [0m[0mtwo errors found[0m
[0m[[0m[31merror[0m] [0m[0m(Compile / [31mcompileIncremental[0m) Compilation failed[0m
[0m[[0m[31merror[0m] [0m[0mTotal time: 0 s, completed Dec 22, 2023, 5:44:48 PM[0m
[0m[[0m[0mdebug[0m] [0m[0m> Exec(shell, None, None)[0m
[0m[[0m[0mdebug[0m] [0m[0mForcing garbage collection...[0m
